<?xml version="1.0" encoding="UTF-8"?>
<!-- Generated by org.testng.reporters.JUnitXMLReporter -->
<testsuite ignored="2" hostname="DESKTOP-MOTNN2M" failures="0" tests="2" name="Test" time="40.503" errors="0" timestamp="2022-08-26T03:05:11 IST">
  <testcase classname="org.dream11.genericUtility.BaseClass" name="@BeforeMethod openApp" time="0.001">
    <failure type="java.net.MalformedURLException" message="Cannot invoke &amp;quot;String.length()&amp;quot; because &amp;quot;spec&amp;quot; is null">
      <![CDATA[java.net.MalformedURLException: Cannot invoke "String.length()" because "spec" is null
at java.base/java.net.URL.<init>(URL.java:706)
at java.base/java.net.URL.<init>(URL.java:568)
at java.base/java.net.URL.<init>(URL.java:515)
at org.dream11.genericUtility.BaseClass.openApp(BaseClass.java:66)
at java.base/java.util.ArrayList.forEach(ArrayList.java:1511)
Caused by: java.lang.NullPointerException: Cannot invoke "String.length()" because "spec" is null
at java.base/java.net.URL.<init>(URL.java:612)
... 35 more
... Removed 31 stack frames]]>
    </failure>
  </testcase> <!-- @BeforeMethod openApp -->
  <testcase classname="org.dream11.genericUtility.BaseClass" name="@AfterMethod closeApp" time="-1.661463311736E9">
    <skipped/>
  </testcase> <!-- @AfterMethod closeApp -->
  <testcase classname="org.tyss.dream11.VerifyBottonNavigationbarOnHomeTest" name="verifyBottonNavigationbarOnHomeTest" time="15.688"/>
  <testcase classname="org.tyss.dream11.VerifyContentOfMatchCardTest" name="verifyContentOfMatchCardTest" time="0.0">
    <skipped/>
  </testcase> <!-- verifyContentOfMatchCardTest -->
  <testcase classname="org.dream11.genericUtility.BaseClass" name="@BeforeSuite suiteSetup" time="0.0">
    <ignored/>
  </testcase> <!-- @BeforeSuite suiteSetup -->
  <testcase classname="org.dream11.genericUtility.BaseClass" name="@AfterSuite suiteTeardown" time="0.0">
    <ignored/>
  </testcase> <!-- @AfterSuite suiteTeardown -->
</testsuite> <!-- Test -->
