<?xml version="1.0" encoding="UTF-8"?>
<testng-results ignored="2" total="4" passed="1" failed="0" skipped="1">
  <reporter-output>
  </reporter-output>
  <suite started-at="2022-08-26T03:04:31 IST" name="Suite" finished-at="2022-08-26T03:05:11 IST" duration-ms="40503">
    <groups>
    </groups>
    <test started-at="2022-08-26T03:04:31 IST" name="Test" finished-at="2022-08-26T03:05:11 IST" duration-ms="40503">
      <class name="org.tyss.dream11.VerifyContentOfMatchCardTest">
        <test-method is-config="true" signature="openApp()[pri:0, instance:org.tyss.dream11.VerifyContentOfMatchCardTest@268f106e]" started-at="2022-08-26T03:05:11 IST" name="openApp" finished-at="2022-08-26T03:05:11 IST" duration-ms="1" status="FAIL">
          <exception class="java.net.MalformedURLException">
            <message>
              <![CDATA[Cannot invoke "String.length()" because "spec" is null]]>
            </message>
            <full-stacktrace>
              <![CDATA[java.net.MalformedURLException: Cannot invoke "String.length()" because "spec" is null
at java.base/java.net.URL.<init>(URL.java:706)
at java.base/java.net.URL.<init>(URL.java:568)
at java.base/java.net.URL.<init>(URL.java:515)
at org.dream11.genericUtility.BaseClass.openApp(BaseClass.java:66)
at java.base/jdk.internal.reflect.NativeMethodAccessorImpl.invoke0(Native Method)
at java.base/jdk.internal.reflect.NativeMethodAccessorImpl.invoke(NativeMethodAccessorImpl.java:78)
at java.base/jdk.internal.reflect.DelegatingMethodAccessorImpl.invoke(DelegatingMethodAccessorImpl.java:43)
at java.base/java.lang.reflect.Method.invoke(Method.java:567)
at org.testng.internal.MethodInvocationHelper.invokeMethod(MethodInvocationHelper.java:133)
at org.testng.internal.MethodInvocationHelper.invokeMethodConsideringTimeout(MethodInvocationHelper.java:62)
at org.testng.internal.ConfigInvoker.invokeConfigurationMethod(ConfigInvoker.java:385)
at org.testng.internal.ConfigInvoker.invokeConfigurations(ConfigInvoker.java:321)
at org.testng.internal.TestInvoker.runConfigMethods(TestInvoker.java:700)
at org.testng.internal.TestInvoker.invokeMethod(TestInvoker.java:527)
at org.testng.internal.TestInvoker.invokeTestMethod(TestInvoker.java:173)
at org.testng.internal.MethodRunner.runInSequence(MethodRunner.java:46)
at org.testng.internal.TestInvoker$MethodInvocationAgent.invoke(TestInvoker.java:824)
at org.testng.internal.TestInvoker.invokeTestMethods(TestInvoker.java:146)
at org.testng.internal.TestMethodWorker.invokeTestMethods(TestMethodWorker.java:146)
at org.testng.internal.TestMethodWorker.run(TestMethodWorker.java:128)
at java.base/java.util.ArrayList.forEach(ArrayList.java:1511)
at org.testng.TestRunner.privateRun(TestRunner.java:794)
at org.testng.TestRunner.run(TestRunner.java:596)
at org.testng.SuiteRunner.runTest(SuiteRunner.java:377)
at org.testng.SuiteRunner.runSequentially(SuiteRunner.java:371)
at org.testng.SuiteRunner.privateRun(SuiteRunner.java:332)
at org.testng.SuiteRunner.run(SuiteRunner.java:276)
at org.testng.SuiteRunnerWorker.runSuite(SuiteRunnerWorker.java:53)
at org.testng.SuiteRunnerWorker.run(SuiteRunnerWorker.java:96)
at org.testng.TestNG.runSuitesSequentially(TestNG.java:1212)
at org.testng.TestNG.runSuitesLocally(TestNG.java:1134)
at org.testng.TestNG.runSuites(TestNG.java:1063)
at org.testng.TestNG.run(TestNG.java:1031)
at org.testng.remote.AbstractRemoteTestNG.run(AbstractRemoteTestNG.java:115)
at org.testng.remote.RemoteTestNG.initAndRun(RemoteTestNG.java:251)
at org.testng.remote.RemoteTestNG.main(RemoteTestNG.java:77)
Caused by: java.lang.NullPointerException: Cannot invoke "String.length()" because "spec" is null
at java.base/java.net.URL.<init>(URL.java:612)
... 35 more
]]>
            </full-stacktrace>
          </exception> <!-- java.net.MalformedURLException -->
          <reporter-output>
          </reporter-output>
        </test-method> <!-- openApp -->
        <test-method signature="verifyContentOfMatchCardTest()[pri:0, instance:org.tyss.dream11.VerifyContentOfMatchCardTest@268f106e]" started-at="2022-08-26T03:05:11 IST" name="verifyContentOfMatchCardTest" finished-at="2022-08-26T03:05:11 IST" duration-ms="0" status="SKIP">
          <exception class="java.net.MalformedURLException">
            <message>
              <![CDATA[Cannot invoke "String.length()" because "spec" is null]]>
            </message>
            <full-stacktrace>
              <![CDATA[java.net.MalformedURLException: Cannot invoke "String.length()" because "spec" is null
at java.base/java.net.URL.<init>(URL.java:706)
at java.base/java.net.URL.<init>(URL.java:568)
at java.base/java.net.URL.<init>(URL.java:515)
at org.dream11.genericUtility.BaseClass.openApp(BaseClass.java:66)
at java.base/jdk.internal.reflect.NativeMethodAccessorImpl.invoke0(Native Method)
at java.base/jdk.internal.reflect.NativeMethodAccessorImpl.invoke(NativeMethodAccessorImpl.java:78)
at java.base/jdk.internal.reflect.DelegatingMethodAccessorImpl.invoke(DelegatingMethodAccessorImpl.java:43)
at java.base/java.lang.reflect.Method.invoke(Method.java:567)
at org.testng.internal.MethodInvocationHelper.invokeMethod(MethodInvocationHelper.java:133)
at org.testng.internal.MethodInvocationHelper.invokeMethodConsideringTimeout(MethodInvocationHelper.java:62)
at org.testng.internal.ConfigInvoker.invokeConfigurationMethod(ConfigInvoker.java:385)
at org.testng.internal.ConfigInvoker.invokeConfigurations(ConfigInvoker.java:321)
at org.testng.internal.TestInvoker.runConfigMethods(TestInvoker.java:700)
at org.testng.internal.TestInvoker.invokeMethod(TestInvoker.java:527)
at org.testng.internal.TestInvoker.invokeTestMethod(TestInvoker.java:173)
at org.testng.internal.MethodRunner.runInSequence(MethodRunner.java:46)
at org.testng.internal.TestInvoker$MethodInvocationAgent.invoke(TestInvoker.java:824)
at org.testng.internal.TestInvoker.invokeTestMethods(TestInvoker.java:146)
at org.testng.internal.TestMethodWorker.invokeTestMethods(TestMethodWorker.java:146)
at org.testng.internal.TestMethodWorker.run(TestMethodWorker.java:128)
at java.base/java.util.ArrayList.forEach(ArrayList.java:1511)
at org.testng.TestRunner.privateRun(TestRunner.java:794)
at org.testng.TestRunner.run(TestRunner.java:596)
at org.testng.SuiteRunner.runTest(SuiteRunner.java:377)
at org.testng.SuiteRunner.runSequentially(SuiteRunner.java:371)
at org.testng.SuiteRunner.privateRun(SuiteRunner.java:332)
at org.testng.SuiteRunner.run(SuiteRunner.java:276)
at org.testng.SuiteRunnerWorker.runSuite(SuiteRunnerWorker.java:53)
at org.testng.SuiteRunnerWorker.run(SuiteRunnerWorker.java:96)
at org.testng.TestNG.runSuitesSequentially(TestNG.java:1212)
at org.testng.TestNG.runSuitesLocally(TestNG.java:1134)
at org.testng.TestNG.runSuites(TestNG.java:1063)
at org.testng.TestNG.run(TestNG.java:1031)
at org.testng.remote.AbstractRemoteTestNG.run(AbstractRemoteTestNG.java:115)
at org.testng.remote.RemoteTestNG.initAndRun(RemoteTestNG.java:251)
at org.testng.remote.RemoteTestNG.main(RemoteTestNG.java:77)
Caused by: java.lang.NullPointerException: Cannot invoke "String.length()" because "spec" is null
at java.base/java.net.URL.<init>(URL.java:612)
... 35 more
]]>
            </full-stacktrace>
          </exception> <!-- java.net.MalformedURLException -->
          <reporter-output>
          </reporter-output>
        </test-method> <!-- verifyContentOfMatchCardTest -->
        <test-method is-config="true" signature="closeApp()[pri:0, instance:org.tyss.dream11.VerifyContentOfMatchCardTest@268f106e]" started-at="2022-08-26T03:05:11 IST" name="closeApp" finished-at="1970-01-01T05:30:00 IST" duration-ms="-1661463311736" status="SKIP">
          <reporter-output>
          </reporter-output>
        </test-method> <!-- closeApp -->
      </class> <!-- org.tyss.dream11.VerifyContentOfMatchCardTest -->
      <class name="org.tyss.dream11.VerifyBottonNavigationbarOnHomeTest">
        <test-method is-config="true" signature="suiteSetup()[pri:0, instance:org.tyss.dream11.VerifyBottonNavigationbarOnHomeTest@710c2b53]" started-at="2022-08-26T03:04:30 IST" name="suiteSetup" finished-at="2022-08-26T03:04:31 IST" duration-ms="637" status="PASS">
          <reporter-output>
          </reporter-output>
        </test-method> <!-- suiteSetup -->
        <test-method is-config="true" signature="openApp()[pri:0, instance:org.tyss.dream11.VerifyBottonNavigationbarOnHomeTest@710c2b53]" started-at="2022-08-26T03:04:31 IST" name="openApp" finished-at="2022-08-26T03:04:55 IST" duration-ms="24543" status="PASS">
          <reporter-output>
          </reporter-output>
        </test-method> <!-- openApp -->
        <test-method signature="verifyBottonNavigationbarOnHomeTest()[pri:0, instance:org.tyss.dream11.VerifyBottonNavigationbarOnHomeTest@710c2b53]" started-at="2022-08-26T03:04:55 IST" name="verifyBottonNavigationbarOnHomeTest" finished-at="2022-08-26T03:05:11 IST" duration-ms="15688" status="PASS">
          <reporter-output>
          </reporter-output>
        </test-method> <!-- verifyBottonNavigationbarOnHomeTest -->
        <test-method is-config="true" signature="closeApp()[pri:0, instance:org.tyss.dream11.VerifyBottonNavigationbarOnHomeTest@710c2b53]" started-at="2022-08-26T03:05:11 IST" name="closeApp" finished-at="2022-08-26T03:05:11 IST" duration-ms="220" status="PASS">
          <reporter-output>
          </reporter-output>
        </test-method> <!-- closeApp -->
        <test-method is-config="true" signature="suiteTeardown()[pri:0, instance:org.tyss.dream11.VerifyBottonNavigationbarOnHomeTest@710c2b53]" started-at="2022-08-26T03:05:11 IST" name="suiteTeardown" finished-at="2022-08-26T03:05:11 IST" duration-ms="0" status="PASS">
          <reporter-output>
          </reporter-output>
        </test-method> <!-- suiteTeardown -->
      </class> <!-- org.tyss.dream11.VerifyBottonNavigationbarOnHomeTest -->
    </test> <!-- Test -->
  </suite> <!-- Suite -->
</testng-results>
